c:\users\hyun\desktop\dx11\mygameengine\myclient2d\binobj\vc143.pdb
c:\users\hyun\desktop\dx11\mygameengine\myclient2d\binobj\mainsceneinfo.obj
c:\users\hyun\desktop\dx11\mygameengine\myclient2d\binobj\main.obj
c:\users\hyun\desktop\dx11\mygameengine\myclient2d\binobj\player2d.obj
c:\users\hyun\desktop\dx11\mygameengine\myclient2d\binobj\mybullet.obj
c:\users\hyun\desktop\dx11\mygameengine\myclient2d\binobj\monster.obj
c:\users\hyun\desktop\dx11\mygameengine\myclient2d\binobj\clientmanager.obj
c:\users\hyun\desktop\dx11\mygameengine\myclient2d\bin\myclient2d.exe
c:\users\hyun\desktop\dx11\mygameengine\myclient2d\binobj\myclient2d.ipdb
c:\users\hyun\desktop\dx11\mygameengine\myclient2d\bin\myclient2d.pdb
c:\users\hyun\desktop\dx11\mygameengine\myclient2d\binobj\myclient2d.iobj
c:\users\hyun\desktop\dx11\mygameengine\myclient2d\binobj\myclient2d.res
c:\users\hyun\desktop\dx11\mygameengine\myclient2d\binobj\../bin/myclient2d.pdb
c:\users\hyun\desktop\dx11\mygameengine\myclient2d\binobj\../binobj/myclient2d.vcxproj.filelistabsolute.txt
c:\users\hyun\desktop\dx11\mygameengine\myclient2d\binobj\myclient2d.tlog\cl.command.1.tlog
c:\users\hyun\desktop\dx11\mygameengine\myclient2d\binobj\myclient2d.tlog\cl.read.1.tlog
c:\users\hyun\desktop\dx11\mygameengine\myclient2d\binobj\myclient2d.tlog\cl.write.1.tlog
c:\users\hyun\desktop\dx11\mygameengine\myclient2d\binobj\myclient2d.tlog\link.command.1.tlog
c:\users\hyun\desktop\dx11\mygameengine\myclient2d\binobj\myclient2d.tlog\link.read.1.tlog
c:\users\hyun\desktop\dx11\mygameengine\myclient2d\binobj\myclient2d.tlog\link.write.1.tlog
c:\users\hyun\desktop\dx11\mygameengine\myclient2d\binobj\myclient2d.tlog\rc.command.1.tlog
c:\users\hyun\desktop\dx11\mygameengine\myclient2d\binobj\myclient2d.tlog\rc.read.1.tlog
c:\users\hyun\desktop\dx11\mygameengine\myclient2d\binobj\myclient2d.tlog\rc.write.1.tlog
