  Player2D.cpp
  코드를 생성하고 있습니다.
  2 of 2301 functions (<0.1%) were compiled, the rest were copied from previous compilation.
    0 functions were new in current compilation
    0 functions had inline decision re-evaluated but remain unchanged
  코드를 생성했습니다.
MyAR41Engine.lib(SceneManager.obj) : warning LNK4099: 'MyAR41Engine.pdb' PDB를 'MyAR41Engine.lib(SceneManager.obj)' 또는 'C:\Users\Hyun\Desktop\DX11\MyGameEngine\MyClient2D\Bin\MyAR41Engine.pdb'에서 찾을 수 없습니다. 디버그 정보가 없는 것처럼 개체를 링크합니다.
MyAR41Engine.lib(Input.obj) : warning LNK4099: 'MyAR41Engine.pdb' PDB를 'MyAR41Engine.lib(Input.obj)' 또는 'C:\Users\Hyun\Desktop\DX11\MyGameEngine\MyClient2D\Bin\MyAR41Engine.pdb'에서 찾을 수 없습니다. 디버그 정보가 없는 것처럼 개체를 링크합니다.
MyAR41Engine.lib(Engine.obj) : warning LNK4099: 'MyAR41Engine.pdb' PDB를 'MyAR41Engine.lib(Engine.obj)' 또는 'C:\Users\Hyun\Desktop\DX11\MyGameEngine\MyClient2D\Bin\MyAR41Engine.pdb'에서 찾을 수 없습니다. 디버그 정보가 없는 것처럼 개체를 링크합니다.
MyAR41Engine.lib(SpriteComponent.obj) : warning LNK4099: 'MyAR41Engine.pdb' PDB를 'MyAR41Engine.lib(SpriteComponent.obj)' 또는 'C:\Users\Hyun\Desktop\DX11\MyGameEngine\MyClient2D\Bin\MyAR41Engine.pdb'에서 찾을 수 없습니다. 디버그 정보가 없는 것처럼 개체를 링크합니다.
MyAR41Engine.lib(GameObject.obj) : warning LNK4099: 'MyAR41Engine.pdb' PDB를 'MyAR41Engine.lib(GameObject.obj)' 또는 'C:\Users\Hyun\Desktop\DX11\MyGameEngine\MyClient2D\Bin\MyAR41Engine.pdb'에서 찾을 수 없습니다. 디버그 정보가 없는 것처럼 개체를 링크합니다.
MyAR41Engine.lib(Ref.obj) : warning LNK4099: 'MyAR41Engine.pdb' PDB를 'MyAR41Engine.lib(Ref.obj)' 또는 'C:\Users\Hyun\Desktop\DX11\MyGameEngine\MyClient2D\Bin\MyAR41Engine.pdb'에서 찾을 수 없습니다. 디버그 정보가 없는 것처럼 개체를 링크합니다.
MyAR41Engine.lib(SceneComponent.obj) : warning LNK4099: 'MyAR41Engine.pdb' PDB를 'MyAR41Engine.lib(SceneComponent.obj)' 또는 'C:\Users\Hyun\Desktop\DX11\MyGameEngine\MyClient2D\Bin\MyAR41Engine.pdb'에서 찾을 수 없습니다. 디버그 정보가 없는 것처럼 개체를 링크합니다.
MyAR41Engine.lib(Vector3.obj) : warning LNK4099: 'MyAR41Engine.pdb' PDB를 'MyAR41Engine.lib(Vector3.obj)' 또는 'C:\Users\Hyun\Desktop\DX11\MyGameEngine\MyClient2D\Bin\MyAR41Engine.pdb'에서 찾을 수 없습니다. 디버그 정보가 없는 것처럼 개체를 링크합니다.
MyAR41Engine.lib(CameraComponent.obj) : warning LNK4099: 'MyAR41Engine.pdb' PDB를 'MyAR41Engine.lib(CameraComponent.obj)' 또는 'C:\Users\Hyun\Desktop\DX11\MyGameEngine\MyClient2D\Bin\MyAR41Engine.pdb'에서 찾을 수 없습니다. 디버그 정보가 없는 것처럼 개체를 링크합니다.
MyAR41Engine.lib(Device.obj) : warning LNK4099: 'MyAR41Engine.pdb' PDB를 'MyAR41Engine.lib(Device.obj)' 또는 'C:\Users\Hyun\Desktop\DX11\MyGameEngine\MyClient2D\Bin\MyAR41Engine.pdb'에서 찾을 수 없습니다. 디버그 정보가 없는 것처럼 개체를 링크합니다.
MyAR41Engine.lib(TargetArm.obj) : warning LNK4099: 'MyAR41Engine.pdb' PDB를 'MyAR41Engine.lib(TargetArm.obj)' 또는 'C:\Users\Hyun\Desktop\DX11\MyGameEngine\MyClient2D\Bin\MyAR41Engine.pdb'에서 찾을 수 없습니다. 디버그 정보가 없는 것처럼 개체를 링크합니다.
MyAR41Engine.lib(CameraManager.obj) : warning LNK4099: 'MyAR41Engine.pdb' PDB를 'MyAR41Engine.lib(CameraManager.obj)' 또는 'C:\Users\Hyun\Desktop\DX11\MyGameEngine\MyClient2D\Bin\MyAR41Engine.pdb'에서 찾을 수 없습니다. 디버그 정보가 없는 것처럼 개체를 링크합니다.
MyAR41Engine.lib(SceneInfo.obj) : warning LNK4099: 'MyAR41Engine.pdb' PDB를 'MyAR41Engine.lib(SceneInfo.obj)' 또는 'C:\Users\Hyun\Desktop\DX11\MyGameEngine\MyClient2D\Bin\MyAR41Engine.pdb'에서 찾을 수 없습니다. 디버그 정보가 없는 것처럼 개체를 링크합니다.
MyAR41Engine.lib(Scene.obj) : warning LNK4099: 'MyAR41Engine.pdb' PDB를 'MyAR41Engine.lib(Scene.obj)' 또는 'C:\Users\Hyun\Desktop\DX11\MyGameEngine\MyClient2D\Bin\MyAR41Engine.pdb'에서 찾을 수 없습니다. 디버그 정보가 없는 것처럼 개체를 링크합니다.
MyAR41Engine.lib(Vector2.obj) : warning LNK4099: 'MyAR41Engine.pdb' PDB를 'MyAR41Engine.lib(Vector2.obj)' 또는 'C:\Users\Hyun\Desktop\DX11\MyGameEngine\MyClient2D\Bin\MyAR41Engine.pdb'에서 찾을 수 없습니다. 디버그 정보가 없는 것처럼 개체를 링크합니다.
MyAR41Engine.lib(RenderManager.obj) : warning LNK4099: 'MyAR41Engine.pdb' PDB를 'MyAR41Engine.lib(RenderManager.obj)' 또는 'C:\Users\Hyun\Desktop\DX11\MyGameEngine\MyClient2D\Bin\MyAR41Engine.pdb'에서 찾을 수 없습니다. 디버그 정보가 없는 것처럼 개체를 링크합니다.
MyAR41Engine.lib(ResourceManager.obj) : warning LNK4099: 'MyAR41Engine.pdb' PDB를 'MyAR41Engine.lib(ResourceManager.obj)' 또는 'C:\Users\Hyun\Desktop\DX11\MyGameEngine\MyClient2D\Bin\MyAR41Engine.pdb'에서 찾을 수 없습니다. 디버그 정보가 없는 것처럼 개체를 링크합니다.
MyAR41Engine.lib(PathManager.obj) : warning LNK4099: 'MyAR41Engine.pdb' PDB를 'MyAR41Engine.lib(PathManager.obj)' 또는 'C:\Users\Hyun\Desktop\DX11\MyGameEngine\MyClient2D\Bin\MyAR41Engine.pdb'에서 찾을 수 없습니다. 디버그 정보가 없는 것처럼 개체를 링크합니다.
MyAR41Engine.lib(Timer.obj) : warning LNK4099: 'MyAR41Engine.pdb' PDB를 'MyAR41Engine.lib(Timer.obj)' 또는 'C:\Users\Hyun\Desktop\DX11\MyGameEngine\MyClient2D\Bin\MyAR41Engine.pdb'에서 찾을 수 없습니다. 디버그 정보가 없는 것처럼 개체를 링크합니다.
MyAR41Engine.lib(PrimitiveComponent.obj) : warning LNK4099: 'MyAR41Engine.pdb' PDB를 'MyAR41Engine.lib(PrimitiveComponent.obj)' 또는 'C:\Users\Hyun\Desktop\DX11\MyGameEngine\MyClient2D\Bin\MyAR41Engine.pdb'에서 찾을 수 없습니다. 디버그 정보가 없는 것처럼 개체를 링크합니다.
MyAR41Engine.lib(Transform.obj) : warning LNK4099: 'MyAR41Engine.pdb' PDB를 'MyAR41Engine.lib(Transform.obj)' 또는 'C:\Users\Hyun\Desktop\DX11\MyGameEngine\MyClient2D\Bin\MyAR41Engine.pdb'에서 찾을 수 없습니다. 디버그 정보가 없는 것처럼 개체를 링크합니다.
MyAR41Engine.lib(Component.obj) : warning LNK4099: 'MyAR41Engine.pdb' PDB를 'MyAR41Engine.lib(Component.obj)' 또는 'C:\Users\Hyun\Desktop\DX11\MyGameEngine\MyClient2D\Bin\MyAR41Engine.pdb'에서 찾을 수 없습니다. 디버그 정보가 없는 것처럼 개체를 링크합니다.
MyAR41Engine.lib(Vector4.obj) : warning LNK4099: 'MyAR41Engine.pdb' PDB를 'MyAR41Engine.lib(Vector4.obj)' 또는 'C:\Users\Hyun\Desktop\DX11\MyGameEngine\MyClient2D\Bin\MyAR41Engine.pdb'에서 찾을 수 없습니다. 디버그 정보가 없는 것처럼 개체를 링크합니다.
MyAR41Engine.lib(Matrix.obj) : warning LNK4099: 'MyAR41Engine.pdb' PDB를 'MyAR41Engine.lib(Matrix.obj)' 또는 'C:\Users\Hyun\Desktop\DX11\MyGameEngine\MyClient2D\Bin\MyAR41Engine.pdb'에서 찾을 수 없습니다. 디버그 정보가 없는 것처럼 개체를 링크합니다.
MyAR41Engine.lib(SceneResource.obj) : warning LNK4099: 'MyAR41Engine.pdb' PDB를 'MyAR41Engine.lib(SceneResource.obj)' 또는 'C:\Users\Hyun\Desktop\DX11\MyGameEngine\MyClient2D\Bin\MyAR41Engine.pdb'에서 찾을 수 없습니다. 디버그 정보가 없는 것처럼 개체를 링크합니다.
MyAR41Engine.lib(MeshManager.obj) : warning LNK4099: 'MyAR41Engine.pdb' PDB를 'MyAR41Engine.lib(MeshManager.obj)' 또는 'C:\Users\Hyun\Desktop\DX11\MyGameEngine\MyClient2D\Bin\MyAR41Engine.pdb'에서 찾을 수 없습니다. 디버그 정보가 없는 것처럼 개체를 링크합니다.
MyAR41Engine.lib(ShaderManager.obj) : warning LNK4099: 'MyAR41Engine.pdb' PDB를 'MyAR41Engine.lib(ShaderManager.obj)' 또는 'C:\Users\Hyun\Desktop\DX11\MyGameEngine\MyClient2D\Bin\MyAR41Engine.pdb'에서 찾을 수 없습니다. 디버그 정보가 없는 것처럼 개체를 링크합니다.
MyAR41Engine.lib(TransformConstantBuffer.obj) : warning LNK4099: 'MyAR41Engine.pdb' PDB를 'MyAR41Engine.lib(TransformConstantBuffer.obj)' 또는 'C:\Users\Hyun\Desktop\DX11\MyGameEngine\MyClient2D\Bin\MyAR41Engine.pdb'에서 찾을 수 없습니다. 디버그 정보가 없는 것처럼 개체를 링크합니다.
MyAR41Engine.lib(SpriteMesh.obj) : warning LNK4099: 'MyAR41Engine.pdb' PDB를 'MyAR41Engine.lib(SpriteMesh.obj)' 또는 'C:\Users\Hyun\Desktop\DX11\MyGameEngine\MyClient2D\Bin\MyAR41Engine.pdb'에서 찾을 수 없습니다. 디버그 정보가 없는 것처럼 개체를 링크합니다.
MyAR41Engine.lib(SpriteColorShader.obj) : warning LNK4099: 'MyAR41Engine.pdb' PDB를 'MyAR41Engine.lib(SpriteColorShader.obj)' 또는 'C:\Users\Hyun\Desktop\DX11\MyGameEngine\MyClient2D\Bin\MyAR41Engine.pdb'에서 찾을 수 없습니다. 디버그 정보가 없는 것처럼 개체를 링크합니다.
MyAR41Engine.lib(ConstantBuffer.obj) : warning LNK4099: 'MyAR41Engine.pdb' PDB를 'MyAR41Engine.lib(ConstantBuffer.obj)' 또는 'C:\Users\Hyun\Desktop\DX11\MyGameEngine\MyClient2D\Bin\MyAR41Engine.pdb'에서 찾을 수 없습니다. 디버그 정보가 없는 것처럼 개체를 링크합니다.
MyAR41Engine.lib(ConstantBufferData.obj) : warning LNK4099: 'MyAR41Engine.pdb' PDB를 'MyAR41Engine.lib(ConstantBufferData.obj)' 또는 'C:\Users\Hyun\Desktop\DX11\MyGameEngine\MyClient2D\Bin\MyAR41Engine.pdb'에서 찾을 수 없습니다. 디버그 정보가 없는 것처럼 개체를 링크합니다.
MyAR41Engine.lib(Mesh.obj) : warning LNK4099: 'MyAR41Engine.pdb' PDB를 'MyAR41Engine.lib(Mesh.obj)' 또는 'C:\Users\Hyun\Desktop\DX11\MyGameEngine\MyClient2D\Bin\MyAR41Engine.pdb'에서 찾을 수 없습니다. 디버그 정보가 없는 것처럼 개체를 링크합니다.
MyAR41Engine.lib(GraphicShader.obj) : warning LNK4099: 'MyAR41Engine.pdb' PDB를 'MyAR41Engine.lib(GraphicShader.obj)' 또는 'C:\Users\Hyun\Desktop\DX11\MyGameEngine\MyClient2D\Bin\MyAR41Engine.pdb'에서 찾을 수 없습니다. 디버그 정보가 없는 것처럼 개체를 링크합니다.
MyAR41Engine.lib(Shader.obj) : warning LNK4099: 'MyAR41Engine.pdb' PDB를 'MyAR41Engine.lib(Shader.obj)' 또는 'C:\Users\Hyun\Desktop\DX11\MyGameEngine\MyClient2D\Bin\MyAR41Engine.pdb'에서 찾을 수 없습니다. 디버그 정보가 없는 것처럼 개체를 링크합니다.
  MyClient2D.vcxproj -> C:\Users\Hyun\Desktop\DX11\MyGameEngine\MyClient2D\Bin\MyClient2D.exe
