c:\users\hyun\desktop\dx11\mygameengine\myar41mapeditor\binobjdebug\vc143.pdb
c:\users\hyun\desktop\dx11\mygameengine\myar41mapeditor\binobjdebug\vc143.idb
c:\users\hyun\desktop\dx11\mygameengine\myar41mapeditor\binobjdebug\main.obj
c:\users\hyun\desktop\dx11\mygameengine\myar41mapeditor\binobjdebug\testwindow.obj
c:\users\hyun\desktop\dx11\mygameengine\myar41mapeditor\binobjdebug\editordefaultscene.obj
c:\users\hyun\desktop\dx11\mygameengine\myar41mapeditor\binobjdebug\editormanager.obj
c:\users\hyun\desktop\dx11\mygameengine\myar41mapeditor\binobjdebug\unity_acf2lvd6qj9bcrns.obj
c:\users\hyun\desktop\dx11\mygameengine\myar41mapeditor\binobjdebug\unity_qw6bbjng460xwqra.obj
c:\users\hyun\desktop\dx11\mygameengine\myar41mapeditor\binobjdebug\unity_vu5f57v215mah83r.obj
c:\users\hyun\desktop\dx11\mygameengine\myar41mapeditor\binobjdebug\unity_nxhz4ouuo2xcr66o.obj
c:\users\hyun\desktop\dx11\mygameengine\myar41mapeditor\bin\myar41mapeditor_debug.exe
c:\users\hyun\desktop\dx11\mygameengine\myar41mapeditor\binobjdebug\myar41mapeditor_debug.ilk
c:\users\hyun\desktop\dx11\mygameengine\myar41mapeditor\bin\myar41mapeditor_debug.pdb
c:\users\hyun\desktop\dx11\mygameengine\myar41mapeditor\binobjdebug\myar41mapeditor.res
c:\users\hyun\desktop\dx11\mygameengine\myar41mapeditor\binobjdebug\../bin/myar41mapeditor_debug.pdb
c:\users\hyun\desktop\dx11\mygameengine\myar41mapeditor\binobjdebug\../binobjdebug/myar41mapeditor.vcxproj.filelistabsolute.txt
c:\users\hyun\desktop\dx11\mygameengine\myar41mapeditor\binobjdebug\myar41mapeditor.tlog\cl.command.1.tlog
c:\users\hyun\desktop\dx11\mygameengine\myar41mapeditor\binobjdebug\myar41mapeditor.tlog\cl.read.1.tlog
c:\users\hyun\desktop\dx11\mygameengine\myar41mapeditor\binobjdebug\myar41mapeditor.tlog\cl.write.1.tlog
c:\users\hyun\desktop\dx11\mygameengine\myar41mapeditor\binobjdebug\myar41mapeditor.tlog\link.command.1.tlog
c:\users\hyun\desktop\dx11\mygameengine\myar41mapeditor\binobjdebug\myar41mapeditor.tlog\link.read.1.tlog
c:\users\hyun\desktop\dx11\mygameengine\myar41mapeditor\binobjdebug\myar41mapeditor.tlog\link.write.1.tlog
c:\users\hyun\desktop\dx11\mygameengine\myar41mapeditor\binobjdebug\myar41mapeditor.tlog\rc.command.1.tlog
c:\users\hyun\desktop\dx11\mygameengine\myar41mapeditor\binobjdebug\myar41mapeditor.tlog\rc.read.1.tlog
c:\users\hyun\desktop\dx11\mygameengine\myar41mapeditor\binobjdebug\myar41mapeditor.tlog\rc.write.1.tlog
