  main.cpp
MyAR41Engine_Debug.lib(Engine.obj) : warning LNK4099: 'MyAR41Engine_Debug.pdb' PDB를 'MyAR41Engine_Debug.lib(Engine.obj)' 또는 'C:\Users\Hyun\Desktop\DX11\MyGameEngine\MyAR41MapEditor\Bin\MyAR41Engine_Debug.pdb'에서 찾을 수 없습니다. 디버그 정보가 없는 것처럼 개체를 링크합니다.
MyAR41Engine_Debug.lib(Device.obj) : warning LNK4099: 'MyAR41Engine_Debug.pdb' PDB를 'MyAR41Engine_Debug.lib(Device.obj)' 또는 'C:\Users\Hyun\Desktop\DX11\MyGameEngine\MyAR41MapEditor\Bin\MyAR41Engine_Debug.pdb'에서 찾을 수 없습니다. 디버그 정보가 없는 것처럼 개체를 링크합니다.
MyAR41Engine_Debug.lib(ResourceManager.obj) : warning LNK4099: 'MyAR41Engine_Debug.pdb' PDB를 'MyAR41Engine_Debug.lib(ResourceManager.obj)' 또는 'C:\Users\Hyun\Desktop\DX11\MyGameEngine\MyAR41MapEditor\Bin\MyAR41Engine_Debug.pdb'에서 찾을 수 없습니다. 디버그 정보가 없는 것처럼 개체를 링크합니다.
MyAR41Engine_Debug.lib(Timer.obj) : warning LNK4099: 'MyAR41Engine_Debug.pdb' PDB를 'MyAR41Engine_Debug.lib(Timer.obj)' 또는 'C:\Users\Hyun\Desktop\DX11\MyGameEngine\MyAR41MapEditor\Bin\MyAR41Engine_Debug.pdb'에서 찾을 수 없습니다. 디버그 정보가 없는 것처럼 개체를 링크합니다.
MyAR41Engine_Debug.lib(PathManager.obj) : warning LNK4099: 'MyAR41Engine_Debug.pdb' PDB를 'MyAR41Engine_Debug.lib(PathManager.obj)' 또는 'C:\Users\Hyun\Desktop\DX11\MyGameEngine\MyAR41MapEditor\Bin\MyAR41Engine_Debug.pdb'에서 찾을 수 없습니다. 디버그 정보가 없는 것처럼 개체를 링크합니다.
MyAR41Engine_Debug.lib(SceneManager.obj) : warning LNK4099: 'MyAR41Engine_Debug.pdb' PDB를 'MyAR41Engine_Debug.lib(SceneManager.obj)' 또는 'C:\Users\Hyun\Desktop\DX11\MyGameEngine\MyAR41MapEditor\Bin\MyAR41Engine_Debug.pdb'에서 찾을 수 없습니다. 디버그 정보가 없는 것처럼 개체를 링크합니다.
MyAR41Engine_Debug.lib(RenderManager.obj) : warning LNK4099: 'MyAR41Engine_Debug.pdb' PDB를 'MyAR41Engine_Debug.lib(RenderManager.obj)' 또는 'C:\Users\Hyun\Desktop\DX11\MyGameEngine\MyAR41MapEditor\Bin\MyAR41Engine_Debug.pdb'에서 찾을 수 없습니다. 디버그 정보가 없는 것처럼 개체를 링크합니다.
MyAR41Engine_Debug.lib(Input.obj) : warning LNK4099: 'MyAR41Engine_Debug.pdb' PDB를 'MyAR41Engine_Debug.lib(Input.obj)' 또는 'C:\Users\Hyun\Desktop\DX11\MyGameEngine\MyAR41MapEditor\Bin\MyAR41Engine_Debug.pdb'에서 찾을 수 없습니다. 디버그 정보가 없는 것처럼 개체를 링크합니다.
MyAR41Engine_Debug.lib(ShaderManager.obj) : warning LNK4099: 'MyAR41Engine_Debug.pdb' PDB를 'MyAR41Engine_Debug.lib(ShaderManager.obj)' 또는 'C:\Users\Hyun\Desktop\DX11\MyGameEngine\MyAR41MapEditor\Bin\MyAR41Engine_Debug.pdb'에서 찾을 수 없습니다. 디버그 정보가 없는 것처럼 개체를 링크합니다.
MyAR41Engine_Debug.lib(MeshManager.obj) : warning LNK4099: 'MyAR41Engine_Debug.pdb' PDB를 'MyAR41Engine_Debug.lib(MeshManager.obj)' 또는 'C:\Users\Hyun\Desktop\DX11\MyGameEngine\MyAR41MapEditor\Bin\MyAR41Engine_Debug.pdb'에서 찾을 수 없습니다. 디버그 정보가 없는 것처럼 개체를 링크합니다.
MyAR41Engine_Debug.lib(TextureManager.obj) : warning LNK4099: 'MyAR41Engine_Debug.pdb' PDB를 'MyAR41Engine_Debug.lib(TextureManager.obj)' 또는 'C:\Users\Hyun\Desktop\DX11\MyGameEngine\MyAR41MapEditor\Bin\MyAR41Engine_Debug.pdb'에서 찾을 수 없습니다. 디버그 정보가 없는 것처럼 개체를 링크합니다.
MyAR41Engine_Debug.lib(Scene.obj) : warning LNK4099: 'MyAR41Engine_Debug.pdb' PDB를 'MyAR41Engine_Debug.lib(Scene.obj)' 또는 'C:\Users\Hyun\Desktop\DX11\MyGameEngine\MyAR41MapEditor\Bin\MyAR41Engine_Debug.pdb'에서 찾을 수 없습니다. 디버그 정보가 없는 것처럼 개체를 링크합니다.
MyAR41Engine_Debug.lib(Ref.obj) : warning LNK4099: 'MyAR41Engine_Debug.pdb' PDB를 'MyAR41Engine_Debug.lib(Ref.obj)' 또는 'C:\Users\Hyun\Desktop\DX11\MyGameEngine\MyAR41MapEditor\Bin\MyAR41Engine_Debug.pdb'에서 찾을 수 없습니다. 디버그 정보가 없는 것처럼 개체를 링크합니다.
MyAR41Engine_Debug.lib(Vector2.obj) : warning LNK4099: 'MyAR41Engine_Debug.pdb' PDB를 'MyAR41Engine_Debug.lib(Vector2.obj)' 또는 'C:\Users\Hyun\Desktop\DX11\MyGameEngine\MyAR41MapEditor\Bin\MyAR41Engine_Debug.pdb'에서 찾을 수 없습니다. 디버그 정보가 없는 것처럼 개체를 링크합니다.
MyAR41Engine_Debug.lib(SpriteColorShader.obj) : warning LNK4099: 'MyAR41Engine_Debug.pdb' PDB를 'MyAR41Engine_Debug.lib(SpriteColorShader.obj)' 또는 'C:\Users\Hyun\Desktop\DX11\MyGameEngine\MyAR41MapEditor\Bin\MyAR41Engine_Debug.pdb'에서 찾을 수 없습니다. 디버그 정보가 없는 것처럼 개체를 링크합니다.
MyAR41Engine_Debug.lib(SpriteShader.obj) : warning LNK4099: 'MyAR41Engine_Debug.pdb' PDB를 'MyAR41Engine_Debug.lib(SpriteShader.obj)' 또는 'C:\Users\Hyun\Desktop\DX11\MyGameEngine\MyAR41MapEditor\Bin\MyAR41Engine_Debug.pdb'에서 찾을 수 없습니다. 디버그 정보가 없는 것처럼 개체를 링크합니다.
MyAR41Engine_Debug.lib(ConstantBuffer.obj) : warning LNK4099: 'MyAR41Engine_Debug.pdb' PDB를 'MyAR41Engine_Debug.lib(ConstantBuffer.obj)' 또는 'C:\Users\Hyun\Desktop\DX11\MyGameEngine\MyAR41MapEditor\Bin\MyAR41Engine_Debug.pdb'에서 찾을 수 없습니다. 디버그 정보가 없는 것처럼 개체를 링크합니다.
MyAR41Engine_Debug.lib(Vector4.obj) : warning LNK4099: 'MyAR41Engine_Debug.pdb' PDB를 'MyAR41Engine_Debug.lib(Vector4.obj)' 또는 'C:\Users\Hyun\Desktop\DX11\MyGameEngine\MyAR41MapEditor\Bin\MyAR41Engine_Debug.pdb'에서 찾을 수 없습니다. 디버그 정보가 없는 것처럼 개체를 링크합니다.
MyAR41Engine_Debug.lib(Vector3.obj) : warning LNK4099: 'MyAR41Engine_Debug.pdb' PDB를 'MyAR41Engine_Debug.lib(Vector3.obj)' 또는 'C:\Users\Hyun\Desktop\DX11\MyGameEngine\MyAR41MapEditor\Bin\MyAR41Engine_Debug.pdb'에서 찾을 수 없습니다. 디버그 정보가 없는 것처럼 개체를 링크합니다.
MyAR41Engine_Debug.lib(SpriteMesh.obj) : warning LNK4099: 'MyAR41Engine_Debug.pdb' PDB를 'MyAR41Engine_Debug.lib(SpriteMesh.obj)' 또는 'C:\Users\Hyun\Desktop\DX11\MyGameEngine\MyAR41MapEditor\Bin\MyAR41Engine_Debug.pdb'에서 찾을 수 없습니다. 디버그 정보가 없는 것처럼 개체를 링크합니다.
MyAR41Engine_Debug.lib(Texture.obj) : warning LNK4099: 'MyAR41Engine_Debug.pdb' PDB를 'MyAR41Engine_Debug.lib(Texture.obj)' 또는 'C:\Users\Hyun\Desktop\DX11\MyGameEngine\MyAR41MapEditor\Bin\MyAR41Engine_Debug.pdb'에서 찾을 수 없습니다. 디버그 정보가 없는 것처럼 개체를 링크합니다.
MyAR41Engine_Debug.lib(SceneInfo.obj) : warning LNK4099: 'MyAR41Engine_Debug.pdb' PDB를 'MyAR41Engine_Debug.lib(SceneInfo.obj)' 또는 'C:\Users\Hyun\Desktop\DX11\MyGameEngine\MyAR41MapEditor\Bin\MyAR41Engine_Debug.pdb'에서 찾을 수 없습니다. 디버그 정보가 없는 것처럼 개체를 링크합니다.
MyAR41Engine_Debug.lib(SceneResource.obj) : warning LNK4099: 'MyAR41Engine_Debug.pdb' PDB를 'MyAR41Engine_Debug.lib(SceneResource.obj)' 또는 'C:\Users\Hyun\Desktop\DX11\MyGameEngine\MyAR41MapEditor\Bin\MyAR41Engine_Debug.pdb'에서 찾을 수 없습니다. 디버그 정보가 없는 것처럼 개체를 링크합니다.
MyAR41Engine_Debug.lib(CameraManager.obj) : warning LNK4099: 'MyAR41Engine_Debug.pdb' PDB를 'MyAR41Engine_Debug.lib(CameraManager.obj)' 또는 'C:\Users\Hyun\Desktop\DX11\MyGameEngine\MyAR41MapEditor\Bin\MyAR41Engine_Debug.pdb'에서 찾을 수 없습니다. 디버그 정보가 없는 것처럼 개체를 링크합니다.
MyAR41Engine_Debug.lib(GraphicShader.obj) : warning LNK4099: 'MyAR41Engine_Debug.pdb' PDB를 'MyAR41Engine_Debug.lib(GraphicShader.obj)' 또는 'C:\Users\Hyun\Desktop\DX11\MyGameEngine\MyAR41MapEditor\Bin\MyAR41Engine_Debug.pdb'에서 찾을 수 없습니다. 디버그 정보가 없는 것처럼 개체를 링크합니다.
MyAR41Engine_Debug.lib(Mesh.obj) : warning LNK4099: 'MyAR41Engine_Debug.pdb' PDB를 'MyAR41Engine_Debug.lib(Mesh.obj)' 또는 'C:\Users\Hyun\Desktop\DX11\MyGameEngine\MyAR41MapEditor\Bin\MyAR41Engine_Debug.pdb'에서 찾을 수 없습니다. 디버그 정보가 없는 것처럼 개체를 링크합니다.
MyAR41Engine_Debug.lib(CameraComponent.obj) : warning LNK4099: 'MyAR41Engine_Debug.pdb' PDB를 'MyAR41Engine_Debug.lib(CameraComponent.obj)' 또는 'C:\Users\Hyun\Desktop\DX11\MyGameEngine\MyAR41MapEditor\Bin\MyAR41Engine_Debug.pdb'에서 찾을 수 없습니다. 디버그 정보가 없는 것처럼 개체를 링크합니다.
MyAR41Engine_Debug.lib(Shader.obj) : warning LNK4099: 'MyAR41Engine_Debug.pdb' PDB를 'MyAR41Engine_Debug.lib(Shader.obj)' 또는 'C:\Users\Hyun\Desktop\DX11\MyGameEngine\MyAR41MapEditor\Bin\MyAR41Engine_Debug.pdb'에서 찾을 수 없습니다. 디버그 정보가 없는 것처럼 개체를 링크합니다.
MyAR41Engine_Debug.lib(Matrix.obj) : warning LNK4099: 'MyAR41Engine_Debug.pdb' PDB를 'MyAR41Engine_Debug.lib(Matrix.obj)' 또는 'C:\Users\Hyun\Desktop\DX11\MyGameEngine\MyAR41MapEditor\Bin\MyAR41Engine_Debug.pdb'에서 찾을 수 없습니다. 디버그 정보가 없는 것처럼 개체를 링크합니다.
MyAR41Engine_Debug.lib(SceneComponent.obj) : warning LNK4099: 'MyAR41Engine_Debug.pdb' PDB를 'MyAR41Engine_Debug.lib(SceneComponent.obj)' 또는 'C:\Users\Hyun\Desktop\DX11\MyGameEngine\MyAR41MapEditor\Bin\MyAR41Engine_Debug.pdb'에서 찾을 수 없습니다. 디버그 정보가 없는 것처럼 개체를 링크합니다.
MyAR41Engine_Debug.lib(Component.obj) : warning LNK4099: 'MyAR41Engine_Debug.pdb' PDB를 'MyAR41Engine_Debug.lib(Component.obj)' 또는 'C:\Users\Hyun\Desktop\DX11\MyGameEngine\MyAR41MapEditor\Bin\MyAR41Engine_Debug.pdb'에서 찾을 수 없습니다. 디버그 정보가 없는 것처럼 개체를 링크합니다.
MyAR41Engine_Debug.lib(Transform.obj) : warning LNK4099: 'MyAR41Engine_Debug.pdb' PDB를 'MyAR41Engine_Debug.lib(Transform.obj)' 또는 'C:\Users\Hyun\Desktop\DX11\MyGameEngine\MyAR41MapEditor\Bin\MyAR41Engine_Debug.pdb'에서 찾을 수 없습니다. 디버그 정보가 없는 것처럼 개체를 링크합니다.
MyAR41Engine_Debug.lib(TransformConstantBuffer.obj) : warning LNK4099: 'MyAR41Engine_Debug.pdb' PDB를 'MyAR41Engine_Debug.lib(TransformConstantBuffer.obj)' 또는 'C:\Users\Hyun\Desktop\DX11\MyGameEngine\MyAR41MapEditor\Bin\MyAR41Engine_Debug.pdb'에서 찾을 수 없습니다. 디버그 정보가 없는 것처럼 개체를 링크합니다.
MyAR41Engine_Debug.lib(ConstantBufferData.obj) : warning LNK4099: 'MyAR41Engine_Debug.pdb' PDB를 'MyAR41Engine_Debug.lib(ConstantBufferData.obj)' 또는 'C:\Users\Hyun\Desktop\DX11\MyGameEngine\MyAR41MapEditor\Bin\MyAR41Engine_Debug.pdb'에서 찾을 수 없습니다. 디버그 정보가 없는 것처럼 개체를 링크합니다.
  MyAR41MapEditor.vcxproj -> C:\Users\Hyun\Desktop\DX11\MyGameEngine\MyAR41MapEditor\Bin\MyAR41MapEditor_Debug.exe
