  unity_28VTCN3CKGOL8UFK.cpp
  unity_0UR8CX2IQRT4YEYZ.cpp
  LINK : ..\Bin\MyClient2D_Debug.exe을(를) 찾을 수 없거나 마지막 증분 링크에 의해 빌드되지 않았습니다. 전체 링크를 수행하고 있습니다.
MyAR41Engine_Debug.lib(unity_Y9AS505ME65WQV9U.obj) : warning LNK4099: 'MyAR41Engine_Debug.pdb' PDB를 'MyAR41Engine_Debug.lib(unity_Y9AS505ME65WQV9U.obj)' 또는 'C:\Users\Hyun\Desktop\DX11\MyGameEngine\MyClient2D\Bin\MyAR41Engine_Debug.pdb'에서 찾을 수 없습니다. 디버그 정보가 없는 것처럼 개체를 링크합니다.
MyAR41Engine_Debug.lib(unity_YSZ00BYMMGBFYO5D.obj) : warning LNK4099: 'MyAR41Engine_Debug.pdb' PDB를 'MyAR41Engine_Debug.lib(unity_YSZ00BYMMGBFYO5D.obj)' 또는 'C:\Users\Hyun\Desktop\DX11\MyGameEngine\MyClient2D\Bin\MyAR41Engine_Debug.pdb'에서 찾을 수 없습니다. 디버그 정보가 없는 것처럼 개체를 링크합니다.
MyAR41Engine_Debug.lib(unity_A4KP9K1CCTWL2T5I.obj) : warning LNK4099: 'MyAR41Engine_Debug.pdb' PDB를 'MyAR41Engine_Debug.lib(unity_A4KP9K1CCTWL2T5I.obj)' 또는 'C:\Users\Hyun\Desktop\DX11\MyGameEngine\MyClient2D\Bin\MyAR41Engine_Debug.pdb'에서 찾을 수 없습니다. 디버그 정보가 없는 것처럼 개체를 링크합니다.
MyAR41Engine_Debug.lib(unity_56K086ZLF2W7SXVM.obj) : warning LNK4099: 'MyAR41Engine_Debug.pdb' PDB를 'MyAR41Engine_Debug.lib(unity_56K086ZLF2W7SXVM.obj)' 또는 'C:\Users\Hyun\Desktop\DX11\MyGameEngine\MyClient2D\Bin\MyAR41Engine_Debug.pdb'에서 찾을 수 없습니다. 디버그 정보가 없는 것처럼 개체를 링크합니다.
DirectXTex_Debug.lib(DirectXTexImage.obj) : warning LNK4099: 'DirectXTex.pdb' PDB를 'DirectXTex_Debug.lib(DirectXTexImage.obj)' 또는 'C:\Users\Hyun\Desktop\DX11\MyGameEngine\MyClient2D\Bin\DirectXTex.pdb'에서 찾을 수 없습니다. 디버그 정보가 없는 것처럼 개체를 링크합니다.
DirectXTex_Debug.lib(DirectXTexDDS.obj) : warning LNK4099: 'DirectXTex.pdb' PDB를 'DirectXTex_Debug.lib(DirectXTexDDS.obj)' 또는 'C:\Users\Hyun\Desktop\DX11\MyGameEngine\MyClient2D\Bin\DirectXTex.pdb'에서 찾을 수 없습니다. 디버그 정보가 없는 것처럼 개체를 링크합니다.
DirectXTex_Debug.lib(DirectXTexTGA.obj) : warning LNK4099: 'DirectXTex.pdb' PDB를 'DirectXTex_Debug.lib(DirectXTexTGA.obj)' 또는 'C:\Users\Hyun\Desktop\DX11\MyGameEngine\MyClient2D\Bin\DirectXTex.pdb'에서 찾을 수 없습니다. 디버그 정보가 없는 것처럼 개체를 링크합니다.
DirectXTex_Debug.lib(DirectXTexWIC.obj) : warning LNK4099: 'DirectXTex.pdb' PDB를 'DirectXTex_Debug.lib(DirectXTexWIC.obj)' 또는 'C:\Users\Hyun\Desktop\DX11\MyGameEngine\MyClient2D\Bin\DirectXTex.pdb'에서 찾을 수 없습니다. 디버그 정보가 없는 것처럼 개체를 링크합니다.
DirectXTex_Debug.lib(DirectXTexD3D11.obj) : warning LNK4099: 'DirectXTex.pdb' PDB를 'DirectXTex_Debug.lib(DirectXTexD3D11.obj)' 또는 'C:\Users\Hyun\Desktop\DX11\MyGameEngine\MyClient2D\Bin\DirectXTex.pdb'에서 찾을 수 없습니다. 디버그 정보가 없는 것처럼 개체를 링크합니다.
DirectXTex_Debug.lib(DirectXTexUtil.obj) : warning LNK4099: 'DirectXTex.pdb' PDB를 'DirectXTex_Debug.lib(DirectXTexUtil.obj)' 또는 'C:\Users\Hyun\Desktop\DX11\MyGameEngine\MyClient2D\Bin\DirectXTex.pdb'에서 찾을 수 없습니다. 디버그 정보가 없는 것처럼 개체를 링크합니다.
DirectXTex_Debug.lib(DirectXTexConvert.obj) : warning LNK4099: 'DirectXTex.pdb' PDB를 'DirectXTex_Debug.lib(DirectXTexConvert.obj)' 또는 'C:\Users\Hyun\Desktop\DX11\MyGameEngine\MyClient2D\Bin\DirectXTex.pdb'에서 찾을 수 없습니다. 디버그 정보가 없는 것처럼 개체를 링크합니다.
DirectXTex_Debug.lib(DirectXTexCompress.obj) : warning LNK4099: 'DirectXTex.pdb' PDB를 'DirectXTex_Debug.lib(DirectXTexCompress.obj)' 또는 'C:\Users\Hyun\Desktop\DX11\MyGameEngine\MyClient2D\Bin\DirectXTex.pdb'에서 찾을 수 없습니다. 디버그 정보가 없는 것처럼 개체를 링크합니다.
DirectXTex_Debug.lib(DirectXTexMipMaps.obj) : warning LNK4099: 'DirectXTex.pdb' PDB를 'DirectXTex_Debug.lib(DirectXTexMipMaps.obj)' 또는 'C:\Users\Hyun\Desktop\DX11\MyGameEngine\MyClient2D\Bin\DirectXTex.pdb'에서 찾을 수 없습니다. 디버그 정보가 없는 것처럼 개체를 링크합니다.
DirectXTex_Debug.lib(BC.obj) : warning LNK4099: 'DirectXTex.pdb' PDB를 'DirectXTex_Debug.lib(BC.obj)' 또는 'C:\Users\Hyun\Desktop\DX11\MyGameEngine\MyClient2D\Bin\DirectXTex.pdb'에서 찾을 수 없습니다. 디버그 정보가 없는 것처럼 개체를 링크합니다.
DirectXTex_Debug.lib(BC4BC5.obj) : warning LNK4099: 'DirectXTex.pdb' PDB를 'DirectXTex_Debug.lib(BC4BC5.obj)' 또는 'C:\Users\Hyun\Desktop\DX11\MyGameEngine\MyClient2D\Bin\DirectXTex.pdb'에서 찾을 수 없습니다. 디버그 정보가 없는 것처럼 개체를 링크합니다.
DirectXTex_Debug.lib(BC6HBC7.obj) : warning LNK4099: 'DirectXTex.pdb' PDB를 'DirectXTex_Debug.lib(BC6HBC7.obj)' 또는 'C:\Users\Hyun\Desktop\DX11\MyGameEngine\MyClient2D\Bin\DirectXTex.pdb'에서 찾을 수 없습니다. 디버그 정보가 없는 것처럼 개체를 링크합니다.
  MyClient2D.vcxproj -> C:\Users\Hyun\Desktop\DX11\MyGameEngine\MyClient2D\Bin\MyClient2D_Debug.exe
