  CameraComponent.cpp
  Component.cpp
  ObjectComponent.cpp
  PrimitiveComponent.cpp
  SceneComponent.cpp
  SpriteComponent.cpp
  TargetArm.cpp
  Transform.cpp
  Device.cpp
  Engine.cpp
  GameObject.cpp
  Input.cpp
  Matrix.cpp
  PathManager.cpp
  Ref.cpp
  RenderManager.cpp
  Mesh.cpp
  MeshManager.cpp
  SpriteMesh.cpp
  ResourceManager.cpp
  컴파일하고 있습니다...
  ComputeShader.cpp
  ConstantBuffer.cpp
  ConstantBufferData.cpp
  GraphicShader.cpp
  Shader.cpp
  ShaderManager.cpp
  SpriteColorShader.cpp
  TransformConstantBuffer.cpp
  CameraManager.cpp
  Scene.cpp
  SceneInfo.cpp
  SceneManager.cpp
  SceneResource.cpp
  Timer.cpp
  Vector2.cpp
  Vector3.cpp
  Vector4.cpp
  MyAR41Engine.vcxproj -> C:\Users\Hyun\Desktop\DX11\MyGameEngine\MyAR41Engine\Bin\MyAR41Engine.lib
