c:\users\hyun\desktop\dx11\mygameengine\myar41engine\bin\myar41engine.pdb
c:\users\hyun\desktop\dx11\mygameengine\myar41engine\binobj\resourcemanager.obj
c:\users\hyun\desktop\dx11\mygameengine\myar41engine\binobj\spritemesh.obj
c:\users\hyun\desktop\dx11\mygameengine\myar41engine\binobj\meshmanager.obj
c:\users\hyun\desktop\dx11\mygameengine\myar41engine\binobj\mesh.obj
c:\users\hyun\desktop\dx11\mygameengine\myar41engine\binobj\rendermanager.obj
c:\users\hyun\desktop\dx11\mygameengine\myar41engine\binobj\ref.obj
c:\users\hyun\desktop\dx11\mygameengine\myar41engine\binobj\pathmanager.obj
c:\users\hyun\desktop\dx11\mygameengine\myar41engine\binobj\matrix.obj
c:\users\hyun\desktop\dx11\mygameengine\myar41engine\binobj\input.obj
c:\users\hyun\desktop\dx11\mygameengine\myar41engine\binobj\gameobject.obj
c:\users\hyun\desktop\dx11\mygameengine\myar41engine\binobj\engine.obj
c:\users\hyun\desktop\dx11\mygameengine\myar41engine\binobj\device.obj
c:\users\hyun\desktop\dx11\mygameengine\myar41engine\binobj\transform.obj
c:\users\hyun\desktop\dx11\mygameengine\myar41engine\binobj\targetarm.obj
c:\users\hyun\desktop\dx11\mygameengine\myar41engine\binobj\spritecomponent.obj
c:\users\hyun\desktop\dx11\mygameengine\myar41engine\binobj\scenecomponent.obj
c:\users\hyun\desktop\dx11\mygameengine\myar41engine\binobj\primitivecomponent.obj
c:\users\hyun\desktop\dx11\mygameengine\myar41engine\binobj\objectcomponent.obj
c:\users\hyun\desktop\dx11\mygameengine\myar41engine\binobj\component.obj
c:\users\hyun\desktop\dx11\mygameengine\myar41engine\binobj\cameracomponent.obj
c:\users\hyun\desktop\dx11\mygameengine\myar41engine\binobj\vector4.obj
c:\users\hyun\desktop\dx11\mygameengine\myar41engine\binobj\vector3.obj
c:\users\hyun\desktop\dx11\mygameengine\myar41engine\binobj\vector2.obj
c:\users\hyun\desktop\dx11\mygameengine\myar41engine\binobj\timer.obj
c:\users\hyun\desktop\dx11\mygameengine\myar41engine\binobj\sceneresource.obj
c:\users\hyun\desktop\dx11\mygameengine\myar41engine\binobj\scenemanager.obj
c:\users\hyun\desktop\dx11\mygameengine\myar41engine\binobj\sceneinfo.obj
c:\users\hyun\desktop\dx11\mygameengine\myar41engine\binobj\scene.obj
c:\users\hyun\desktop\dx11\mygameengine\myar41engine\binobj\cameramanager.obj
c:\users\hyun\desktop\dx11\mygameengine\myar41engine\binobj\transformconstantbuffer.obj
c:\users\hyun\desktop\dx11\mygameengine\myar41engine\binobj\spritecolorshader.obj
c:\users\hyun\desktop\dx11\mygameengine\myar41engine\binobj\shadermanager.obj
c:\users\hyun\desktop\dx11\mygameengine\myar41engine\binobj\shader.obj
c:\users\hyun\desktop\dx11\mygameengine\myar41engine\binobj\graphicshader.obj
c:\users\hyun\desktop\dx11\mygameengine\myar41engine\binobj\constantbufferdata.obj
c:\users\hyun\desktop\dx11\mygameengine\myar41engine\binobj\constantbuffer.obj
c:\users\hyun\desktop\dx11\mygameengine\myar41engine\binobj\computeshader.obj
c:\users\hyun\desktop\dx11\mygameengine\myar41engine\bin\myar41engine.lib
c:\users\hyun\desktop\dx11\mygameengine\myar41engine\binobj\../bin/myar41engine.pdb
c:\users\hyun\desktop\dx11\mygameengine\myar41engine\binobj\../binobj/myar41engine.vcxproj.filelistabsolute.txt
c:\users\hyun\desktop\dx11\mygameengine\myar41engine\binobj\myar41engine.tlog\cl.command.1.tlog
c:\users\hyun\desktop\dx11\mygameengine\myar41engine\binobj\myar41engine.tlog\cl.read.1.tlog
c:\users\hyun\desktop\dx11\mygameengine\myar41engine\binobj\myar41engine.tlog\cl.write.1.tlog
c:\users\hyun\desktop\dx11\mygameengine\myar41engine\binobj\myar41engine.tlog\lib-link.read.1.tlog
c:\users\hyun\desktop\dx11\mygameengine\myar41engine\binobj\myar41engine.tlog\lib-link.write.1.tlog
c:\users\hyun\desktop\dx11\mygameengine\myar41engine\binobj\myar41engine.tlog\lib.command.1.tlog
