c:\users\hyun\desktop\dx11\mygameengine\myar41engine\binobjdebug\unity_k7q9dvhuts5l1kl1.obj
c:\users\hyun\desktop\dx11\mygameengine\myar41engine\binobjdebug\unity_zosjy7tk0fvx6pr2.obj
c:\users\hyun\desktop\dx11\mygameengine\myar41engine\binobjdebug\unity_0a5f04bi4mz9d53h.obj
c:\users\hyun\desktop\dx11\mygameengine\myar41engine\binobjdebug\unity_8h3stu5a624amt3f.obj
c:\users\hyun\desktop\dx11\mygameengine\myar41engine\binobjdebug\unity_gnwvzvq4zcibu21j.obj
c:\users\hyun\desktop\dx11\mygameengine\myar41engine\binobjdebug\unity_35u78akdgks4861y.obj
c:\users\hyun\desktop\dx11\mygameengine\myar41engine\binobjdebug\unity_u6pgfa0zng4io58m.obj
c:\users\hyun\desktop\dx11\mygameengine\myar41engine\binobjdebug\unity_lw1d7bgwui6gaqhn.obj
c:\users\hyun\desktop\dx11\mygameengine\myar41engine\binobjdebug\unity_kxj0fn12wnvxgui2.obj
c:\users\hyun\desktop\dx11\mygameengine\myar41engine\binobjdebug\unity_265jqewa54ru4383.obj
c:\users\hyun\desktop\dx11\mygameengine\myar41engine\binobjdebug\unity_n8j51vmqb42uodzs.obj
c:\users\hyun\desktop\dx11\mygameengine\myar41engine\binobjdebug\unity_12bgs10dqeq8srfu.obj
c:\users\hyun\desktop\dx11\mygameengine\myar41engine\binobjdebug\unity_3sv54xip4oc1z4hn.obj
c:\users\hyun\desktop\dx11\mygameengine\myar41engine\bin\myar41engine_debug.pdb
c:\users\hyun\desktop\dx11\mygameengine\myar41engine\bin\sprite.cso
c:\users\hyun\desktop\dx11\mygameengine\myar41engine\bin\myar41engine_debug.lib
c:\users\hyun\desktop\dx11\mygameengine\myar41engine\binobjdebug\../bin/myar41engine_debug.pdb
c:\users\hyun\desktop\dx11\mygameengine\myar41engine\binobjdebug\../binobjdebug/myar41engine.vcxproj.filelistabsolute.txt
c:\users\hyun\desktop\dx11\mygameengine\myar41engine\binobjdebug\myar41engine.tlog\cl.11564.write.1.tlog
c:\users\hyun\desktop\dx11\mygameengine\myar41engine\binobjdebug\myar41engine.tlog\cl.command.1.tlog
c:\users\hyun\desktop\dx11\mygameengine\myar41engine\binobjdebug\myar41engine.tlog\cl.read.1.tlog
c:\users\hyun\desktop\dx11\mygameengine\myar41engine\binobjdebug\myar41engine.tlog\fxc.command.1.tlog
c:\users\hyun\desktop\dx11\mygameengine\myar41engine\binobjdebug\myar41engine.tlog\fxc.read.1.tlog
c:\users\hyun\desktop\dx11\mygameengine\myar41engine\binobjdebug\myar41engine.tlog\fxc.write.1.tlog
c:\users\hyun\desktop\dx11\mygameengine\myar41engine\binobjdebug\myar41engine.tlog\lib-link.read.1.tlog
c:\users\hyun\desktop\dx11\mygameengine\myar41engine\binobjdebug\myar41engine.tlog\lib-link.write.1.tlog
c:\users\hyun\desktop\dx11\mygameengine\myar41engine\binobjdebug\myar41engine.tlog\lib.command.1.tlog
