FXC : warning X4717: Effects deprecated for D3DCompiler_47
  
  compilation object save succeeded; see C:\Users\Hyun\Desktop\DX11\MyGameEngine\MyAR41Engine\Bin\Sprite.cso
  unity_EE2I0DHPS3X2AP9U.cpp
  unity_FBUDUBET20U952ND.cpp
  unity_56K086ZLF2W7SXVM.cpp
  unity_A4KP9K1CCTWL2T5I.cpp
  unity_5WJ352REEMPNUY6K.cpp
  unity_Y9AS505ME65WQV9U.cpp
  MyAR41Engine.vcxproj -> C:\Users\Hyun\Desktop\DX11\MyGameEngine\MyAR41Engine\Bin\MyAR41Engine_Debug.lib
  0개 파일이 복사되었습니다.
  파일을 찾을 수 없습니다-*.inl
  0개 파일이 복사되었습니다.
  .\MyAR41Engine\Bin\MyAR41Engine_Debug.lib
  .\MyAR41Engine\Bin\Sprite.cso
  2개 파일이 복사되었습니다.
  .\MyAR41Engine\Bin\MyAR41Engine_Debug.lib
  .\MyAR41Engine\Bin\Sprite.cso
  2개 파일이 복사되었습니다.
  .\MyAR41Engine\Bin\MyAR41Engine_Debug.lib
  .\MyAR41Engine\Bin\Sprite.cso
  2개 파일이 복사되었습니다.
